Loading required package: future
── Attaching packages ─────────────────────────────────────── tidyverse 1.2.1 ──
✔ ggplot2 3.2.1     ✔ purrr   0.3.3
✔ tibble  2.1.3     ✔ dplyr   0.8.3
✔ tidyr   1.0.0     ✔ stringr 1.4.0
✔ readr   1.3.1     ✔ forcats 0.4.0
── Conflicts ────────────────────────────────────────── tidyverse_conflicts() ──
✖ dplyr::filter() masks stats::filter()
✖ dplyr::lag()    masks stats::lag()

Attaching package: ‘magrittr’

The following object is masked from ‘package:purrr’:

    set_names

The following object is masked from ‘package:tidyr’:

    extract

Loading required package: xml2

Attaching package: ‘rvest’

The following object is masked from ‘package:purrr’:

    pluck

The following object is masked from ‘package:readr’:

    guess_encoding

Pagination not found. It may be that all items fit on the page.
Pagination not found. It may be that all items fit on the page.
Pagination not found. It may be that all items fit on the page.
Pagination not found. It may be that all items fit on the page.
Pagination not found. It may be that all items fit on the page.
Pagination not found. It may be that all items fit on the page.
Pagination not found. It may be that all items fit on the page.
Pagination not found. It may be that all items fit on the page.
Pagination not found. It may be that all items fit on the page.
Pagination not found. It may be that all items fit on the page.
Pagination not found. It may be that all items fit on the page.
Pagination not found. It may be that all items fit on the page.
Pagination not found. It may be that all items fit on the page.
Pagination not found. It may be that all items fit on the page.
Pagination not found. It may be that all items fit on the page.
Pagination not found. It may be that all items fit on the page.
Pagination not found. It may be that all items fit on the page.
Pagination not found. It may be that all items fit on the page.
Pagination not found. It may be that all items fit on the page.
Pagination not found. It may be that all items fit on the page.
Pagination not found. It may be that all items fit on the page.
Pagination not found. It may be that all items fit on the page.
Pagination not found. It may be that all items fit on the page.
Pagination not found. It may be that all items fit on the page.
Pagination not found. It may be that all items fit on the page.
Pagination not found. It may be that all items fit on the page.
Pagination not found. It may be that all items fit on the page.
Pagination not found. It may be that all items fit on the page.
Pagination not found. It may be that all items fit on the page.
Pagination not found. It may be that all items fit on the page.
Pagination not found. It may be that all items fit on the page.
Pagination not found. It may be that all items fit on the page.
Pagination not found. It may be that all items fit on the page.
Pagination not found. It may be that all items fit on the page.
Pagination not found. It may be that all items fit on the page.
Pagination not found. It may be that all items fit on the page.
159 new rows added
[1] TRUE
 Progress: ────────────────────────                                         100% Progress: ─────────────────────────────────────                            100% Progress: ───────────────────────────────────────────────                  100% Progress: ────────────────────────────────────────────────────────         100% Progress: ──────────────────────────────────────────────────────────       100% Progress: ─────────────────────────────────────────────────────────────    100% Progress: ──────────────────────────────────────────────────────────────   100% Progress: ──────────────────────────────────────────────────────────────   100% Progress: ──────────────────────────────────────────────────────────────   100% Progress: ──────────────────────────────────────────────────────────────   100% Progress: ───────────────────────────────────────────────────────────────  100% Progress: ───────────────────────────────────────────────────────────────  100% Progress: ───────────────────────────────────────────────────────────────  100% Progress: ───────────────────────────────────────────────────────────────  100% Progress: ───────────────────────────────────────────────────────────────  100% Progress: ───────────────────────────────────────────────────────────────  100% Progress: ──────────────────────────────────────────────────────────────── 100%

trying URL 'https://m.media-amazon.com/images/I/71Gx+4sFAsL._SX1920_.jpg'
trying URL 'https://m.media-amazon.com/images/I/81DmBKF-CUL._SX1920_.jpg'
trying URL 'https://m.media-amazon.com/images/I/81+ayGE-nLL._SX1920_.jpg'
trying URL 'https://m.media-amazon.com/images/I/71NTMmqz5XL._SX1920_.jpg'
trying URL 'https://m.media-amazon.com/images/I/71jG3SEP9nL._SX1920_.jpg'
trying URL 'https://m.media-amazon.com/images/I/61r8us4Ok8L._SX1920_.jpg'
trying URL 'https://m.media-amazon.com/images/I/61cMSjK8zuL._SX1920_.jpg'
trying URL 'https://m.media-amazon.com/images/I/61sRSbU0A4L._SX1920_.jpg'
trying URL 'https://m.media-amazon.com/images/I/61MDK-fssJL._SX1920_.jpg'
trying URL 'https://m.media-amazon.com/images/I/61bcom7JPtL._SX1920_.jpg'
trying URL 'https://m.media-amazon.com/images/I/61n4jBisTrL._SX1920_.jpg'
trying URL 'https://m.media-amazon.com/images/I/51X7hAmhv-L._SX1920_.jpg'
trying URL 'https://m.media-amazon.com/images/I/51df5IKTaeL._SX1920_.jpg'
trying URL 'https://m.media-amazon.com/images/I/81ie0UAPe0L._SX1920_.jpg'
Content type 'image/jpeg' length 253369 bytes (247 KB)
============trying URL 'https://m.media-amazon.com/images/I/71oHPG6RCPL._SX1920_.jpg'
trying URL 'https://m.media-amazon.com/images/I/61DYC-UBXtL._SX1920_.jpg'
Content type 'image/jpeg' length 358518 bytes (350 KB)
=============================================trying URL 'https://m.media-amazon.com/images/I/61qyNpi9uCL._SX1920_.jpg'
============trying URL 'https://m.media-amazon.com/images/I/71eD7nGQ8nL._SX1920_.jpg'
=========================
downloaded 350 KB

======
downloaded 247 KB

trying URL 'https://m.media-amazon.com/images/I/81e1l-p+IdL._SX1920_.jpg'
trying URL 'https://m.media-amazon.com/images/I/81zRsOu856L._SX1920_.jpg'
trying URL 'https://m.media-amazon.com/images/I/61AVc3vpzML._SX1920_.jpg'
trying URL 'https://m.media-amazon.com/images/I/61lO0iKDuTL._SX1920_.jpg'
trying URL 'https://m.media-amazon.com/images/I/61Qlv3bKwUL._SX1920_.jpg'
trying URL 'https://m.media-amazon.com/images/I/71Xumlqfc9L._SX1920_.jpg'
trying URL 'https://m.media-amazon.com/images/I/71TLWi9DHAL._SX1920_.jpg'
trying URL 'https://m.media-amazon.com/images/I/71YeLNTWg2L._SX1920_.jpg'
Content type 'image/jpeg' length 312570 bytes (305 KB)
=====Content type 'image/jpeg' length 141703 bytes (138 KB)
===========Content type 'image/jpeg' length 79744 bytes (77 KB)
===================================Content type 'image/jpeg' length 119323 bytes (116 KB)
===================Content type 'image/jpeg' length 160396 bytes (156 KB)
=========================================
downloaded 77 KB

=========================================================================
downloaded 156 KB

==========
downloaded 116 KB

Content type 'image/jpeg' length 105924 bytes (103 KB)
===============trying URL 'https://m.media-amazon.com/images/I/61GX7-HNPWL._SX1920_.jpg'
===============trying URL 'https://m.media-amazon.com/images/I/61douQumDvL._SX1920_.jpg'
Content type 'image/jpeg' length 262161 bytes (256 KB)
===============Content type 'image/jpeg' length 65403 bytes (63 KB)
==============================================================
downloaded 63 KB

====Content type 'image/jpeg' length 60023 bytes (58 KB)
==================Content type 'image/jpeg' length 110252 bytes (107 KB)
=======================trying URL 'https://m.media-amazon.com/images/I/619Rfd81eyL._SX1920_.jpg'
==========
downloaded 256 KB

=======================================================================================
downloaded 138 KB

======
downloaded 305 KB

=======trying URL 'https://m.media-amazon.com/images/I/81H0cFeqJoL._SX1920_.jpg'
========trying URL 'https://m.media-amazon.com/images/I/81zo7UOusXL._SX1920_.jpg'
==========
downloaded 58 KB

Content type 'image/jpeg' length 297656 bytes (290 KB)
========
downloaded 107 KB

===trying URL 'https://m.media-amazon.com/images/I/61fqFMPO92L._SX1920_.jpg'
Content type 'image/jpeg' length 173665 bytes (169 KB)
==============Content type 'image/jpeg' length 98631 bytes (96 KB)
==============================Content type 'image/jpeg' length 83846 bytes (81 KB)
==============================================================
downloaded 103 KB

=========================
downloaded 96 KB

=====Content type 'image/jpeg' length 118228 bytes (115 KB)
==========trying URL 'https://m.media-amazon.com/images/I/613c7pIKO5L._SX1920_.jpg'
======trying URL 'https://m.media-amazon.com/images/I/71irW+gP+vL._SX1920_.jpg'
============================
downloaded 81 KB

trying URL 'https://m.media-amazon.com/images/I/6172nOVa5qL._SX1920_.jpg'
====================trying URL 'https://m.media-amazon.com/images/I/71zCDpnQkLL._SX1920_.jpg'
=======Content type 'image/jpeg' length 181323 bytes (177 KB)
========Content type 'image/jpeg' length 74254 bytes (72 KB)
=====================Content type 'image/jpeg' length 328238 bytes (320 KB)
===============================
downloaded 72 KB

========================
downloaded 115 KB

trying URL 'https://m.media-amazon.com/images/I/61-cH-4KGbL._SX1920_.jpg'
trying URL 'https://m.media-amazon.com/images/I/61MpUzhe0RL._SX1920_.jpg'
=====================================Content type 'image/jpeg' length 75974 bytes (74 KB)
=================Content type 'image/jpeg' length 89479 bytes (87 KB)
========================================================
downloaded 87 KB

====
downloaded 290 KB

==trying URL 'https://m.media-amazon.com/images/I/614iMbHSg7L._SX1920_.jpg'
=========Content type 'image/jpeg' length 191525 bytes (187 KB)
===============
downloaded 177 KB

=======================trying URL 'https://m.media-amazon.com/images/I/61ZL7tLUjtL._SX1920_.jpg'
===========
downloaded 74 KB

====trying URL 'https://m.media-amazon.com/images/I/71VGIPwfq7L._SX1920_.jpg'
=================Content type 'image/jpeg' length 95959 bytes (93 KB)
=========================Content type 'image/jpeg' length 219185 bytes (214 KB)
===========
downloaded 187 KB

trying URL 'https://m.media-amazon.com/images/I/61x+beoyAPL._SX1920_.jpg'
Content type 'image/jpeg' length 176872 bytes (172 KB)
===========================================
downloaded 169 KB

=============================
downloaded 172 KB

trying URL 'https://m.media-amazon.com/images/I/71GOD2APk4L._SX1920_.jpg'
====================================
downloaded 320 KB

Content type 'image/jpeg' length 83458 bytes (81 KB)
===================Content type 'image/jpeg' length 109918 bytes (107 KB)
===========================================================================
downloaded 93 KB

============
downloaded 81 KB

=========================================================================
downloaded 214 KB

trying URL 'https://m.media-amazon.com/images/I/71vWWXXn2dL._SX1920_.jpg'
Content type 'image/jpeg' length 89138 bytes (87 KB)
========================
downloaded 107 KB

=========Content type 'image/jpeg' length 309191 bytes (301 KB)
============================
downloaded 87 KB

=====Content type 'image/jpeg' length 83016 bytes (81 KB)
========================================Content type 'image/jpeg' length 284247 bytes (277 KB)
====================================
downloaded 81 KB

======================
downloaded 301 KB

==========================================
downloaded 277 KB

Content type 'image/jpeg' length 227646 bytes (222 KB)
=================Content type 'image/jpeg' length 218805 bytes (213 KB)
=====================================Content type 'image/jpeg' length 105612 bytes (103 KB)
===============Content type 'image/jpeg' length 104849 bytes (102 KB)
================================Content type 'image/jpeg' length 79104 bytes (77 KB)
=================================================================
downloaded 213 KB

============
downloaded 102 KB

===============Content type 'image/jpeg' length 91317 bytes (89 KB)
========Content type 'image/jpeg' length 153576 bytes (149 KB)
==================================
downloaded 103 KB

===Content type 'image/jpeg' length 107767 bytes (105 KB)
===========
downloaded 222 KB

===========================================
downloaded 105 KB

=================================
downloaded 89 KB

Content type 'image/jpeg' length 121638 bytes (118 KB)
==================================================
downloaded 118 KB

Content type 'image/jpeg' length 121370 bytes (118 KB)
=================================================================
downloaded 149 KB

==============================
downloaded 77 KB

Content type 'image/jpeg' length 137008 bytes (133 KB)
==================================================
downloaded 133 KB

Content type 'image/jpeg' length 205369 bytes (200 KB)
=====================================
downloaded 118 KB

===========================================
downloaded 200 KB

695 new rows added
rsync: ERROR: cannot stat destination "/lss/research/csafe-shoeprints/ShoeNeuralNet/ShoeImages/": Permission denied (13)
rsync error: errors selecting input/output files, dirs (code 3) at main.c(653) [Receiver=3.1.2]
rsync: ERROR: cannot stat destination "/lss/research/csafe-shoeprints/ShoeNeuralNet/": Permission denied (13)
rsync error: errors selecting input/output files, dirs (code 3) at main.c(653) [Receiver=3.1.2]
Warning message:
Sync stage reached 
Response [https://hc-ping.com/1636cae7-8471-4db9-a2c7-3ab7f7b09f84]
  Date: 2019-12-01 12:01
  Status: 200
  Content-Type: text/plain; charset=utf-8
  Size: 2 B

